# JRE version: Java(TM) SE Runtime Environment (8.0_241-b07) (build 1.8.0_241-b07)
# Java VM: Java HotSpot(TM) 64-Bit Server VM (25.241-b07 mixed mode windows-amd64 compressed oops)
Heap:
 PSYoungGen      total 135680K, used 110641K [0x00000000d7300000, 0x00000000e0100000, 0x0000000100000000)
  eden space 126976K, 87% used [0x00000000d7300000,0x00000000ddf0c5a0,0x00000000def00000)
  from space 8704K, 0% used [0x00000000df880000,0x00000000df880000,0x00000000e0100000)
  to   space 9216K, 0% used [0x00000000def00000,0x00000000def00000,0x00000000df800000)
 ParOldGen       total 53760K, used 14795K [0x0000000085800000, 0x0000000088c80000, 0x00000000d7300000)
  object space 53760K, 27% used [0x0000000085800000,0x0000000086672d08,0x0000000088c80000)
 Metaspace       used 46726K, capacity 49004K, committed 49152K, reserved 1091584K
  class space    used 6165K, capacity 6562K, committed 6656K, reserved 1048576K
GC Heap History (10 events):
Event: 1.405 GC heap before
{Heap before GC invocations=6 (full 0):
 PSYoungGen      total 68608K, used 20604K [0x00000000d7300000, 0x00000000e0200000, 0x0000000100000000)
  eden space 63488K, 24% used [0x00000000d7300000,0x00000000d8223af0,0x00000000db100000)
  from space 5120K, 99% used [0x00000000db100000,0x00000000db5fb798,0x00000000db600000)
  to   space 9728K, 0% used [0x00000000df880000,0x00000000df880000,0x00000000e0200000)
 ParOldGen       total 84992K, used 5571K [0x0000000085800000, 0x000000008ab00000, 0x00000000d7300000)
  object space 84992K, 6% used [0x0000000085800000,0x0000000085d70e10,0x000000008ab00000)
 Metaspace       used 20264K, capacity 21082K, committed 21248K, reserved 1067008K
  class space    used 2506K, capacity 2702K, committed 2816K, reserved 1048576K
Event: 1.411 GC heap after
Heap after GC invocations=6 (full 0):
 PSYoungGen      total 135680K, used 5969K [0x00000000d7300000, 0x00000000e0100000, 0x0000000100000000)
  eden space 126976K, 0% used [0x00000000d7300000,0x00000000d7300000,0x00000000def00000)
  from space 8704K, 68% used [0x00000000df880000,0x00000000dfe54700,0x00000000e0100000)
  to   space 9216K, 0% used [0x00000000def00000,0x00000000def00000,0x00000000df800000)
 ParOldGen       total 84992K, used 5579K [0x0000000085800000, 0x000000008ab00000, 0x00000000d7300000)
  object space 84992K, 6% used [0x0000000085800000,0x0000000085d72e10,0x000000008ab00000)
 Metaspace       used 20264K, capacity 21082K, committed 21248K, reserved 1067008K
  class space    used 2506K, capacity 2702K, committed 2816K, reserved 1048576K
}
Event: 1.411 GC heap before
{Heap before GC invocations=7 (full 1):
 PSYoungGen      total 135680K, used 5969K [0x00000000d7300000, 0x00000000e0100000, 0x0000000100000000)
  eden space 126976K, 0% used [0x00000000d7300000,0x00000000d7300000,0x00000000def00000)
  from space 8704K, 68% used [0x00000000df880000,0x00000000dfe54700,0x00000000e0100000)
  to   space 9216K, 0% used [0x00000000def00000,0x00000000def00000,0x00000000df800000)
 ParOldGen       total 84992K, used 5579K [0x0000000085800000, 0x000000008ab00000, 0x00000000d7300000)
  object space 84992K, 6% used [0x0000000085800000,0x0000000085d72e10,0x000000008ab00000)
 Metaspace       used 20264K, capacity 21082K, committed 21248K, reserved 1067008K
  class space    used 2506K, capacity 2702K, committed 2816K, reserved 1048576K
Event: 1.437 GC heap after
Heap after GC invocations=7 (full 1):
 PSYoungGen      total 135680K, used 0K [0x00000000d7300000, 0x00000000e0100000, 0x0000000100000000)
  eden space 126976K, 0% used [0x00000000d7300000,0x00000000d7300000,0x00000000def00000)
  from space 8704K, 0% used [0x00000000df880000,0x00000000df880000,0x00000000e0100000)
  to   space 9216K, 0% used [0x00000000def00000,0x00000000def00000,0x00000000df800000)
 ParOldGen       total 53760K, used 5978K [0x0000000085800000, 0x0000000088c80000, 0x00000000d7300000)
  object space 53760K, 11% used [0x0000000085800000,0x0000000085dd6850,0x0000000088c80000)
 Metaspace       used 20264K, capacity 21082K, committed 21248K, reserved 1067008K
  class space    used 2506K, capacity 2702K, committed 2816K, reserved 1048576K
}
Event: 2.553 GC heap before
{Heap before GC invocations=8 (full 1):
 PSYoungGen      total 135680K, used 126976K [0x00000000d7300000, 0x00000000e0100000, 0x0000000100000000)
  eden space 126976K, 100% used [0x00000000d7300000,0x00000000def00000,0x00000000def00000)
  from space 8704K, 0% used [0x00000000df880000,0x00000000df880000,0x00000000e0100000)
  to   space 9216K, 0% used [0x00000000def00000,0x00000000def00000,0x00000000df800000)
 ParOldGen       total 53760K, used 5978K [0x0000000085800000, 0x0000000088c80000, 0x00000000d7300000)
  object space 53760K, 11% used [0x0000000085800000,0x0000000085dd6850,0x0000000088c80000)
 Metaspace       used 27278K, capacity 28900K, committed 29184K, reserved 1075200K
  class space    used 3455K, capacity 3745K, committed 3840K, reserved 1048576K
Event: 2.561 GC heap after
Heap after GC invocations=8 (full 1):
 PSYoungGen      total 136192K, used 9199K [0x00000000d7300000, 0x00000000e0100000, 0x0000000100000000)
  eden space 126976K, 0% used [0x00000000d7300000,0x00000000d7300000,0x00000000def00000)
  from space 9216K, 99% used [0x00000000def00000,0x00000000df7fbf10,0x00000000df800000)
  to   space 8704K, 0% used [0x00000000df880000,0x00000000df880000,0x00000000e0100000)
 ParOldGen       total 53760K, used 6324K [0x0000000085800000, 0x0000000088c80000, 0x00000000d7300000)
  object space 53760K, 11% used [0x0000000085800000,0x0000000085e2d070,0x0000000088c80000)
 Metaspace       used 27278K, capacity 28900K, committed 29184K, reserved 1075200K
  class space    used 3455K, capacity 3745K, committed 3840K, reserved 1048576K
}
Event: 3.122 GC heap before
{Heap before GC invocations=9 (full 1):
 PSYoungGen      total 136192K, used 76951K [0x00000000d7300000, 0x00000000e0100000, 0x0000000100000000)
  eden space 126976K, 53% used [0x00000000d7300000,0x00000000db529fb0,0x00000000def00000)
  from space 9216K, 99% used [0x00000000def00000,0x00000000df7fbf10,0x00000000df800000)
  to   space 8704K, 0% used [0x00000000df880000,0x00000000df880000,0x00000000e0100000)
 ParOldGen       total 53760K, used 6324K [0x0000000085800000, 0x0000000088c80000, 0x00000000d7300000)
  object space 53760K, 11% used [0x0000000085800000,0x0000000085e2d070,0x0000000088c80000)
 Metaspace       used 33536K, capacity 35276K, committed 35416K, reserved 1081344K
  class space    used 4204K, capacity 4499K, committed 4608K, reserved 1048576K
Event: 3.131 GC heap after
Heap after GC invocations=9 (full 1):
 PSYoungGen      total 135680K, used 8699K [0x00000000d7300000, 0x00000000e0100000, 0x0000000100000000)
  eden space 126976K, 0% used [0x00000000d7300000,0x00000000d7300000,0x00000000def00000)
  from space 8704K, 99% used [0x00000000df880000,0x00000000e00feed0,0x00000000e0100000)
  to   space 9216K, 0% used [0x00000000def00000,0x00000000def00000,0x00000000df800000)
 ParOldGen       total 53760K, used 7878K [0x0000000085800000, 0x0000000088c80000, 0x00000000d7300000)
  object space 53760K, 14% used [0x0000000085800000,0x0000000085fb1b98,0x0000000088c80000)
 Metaspace       used 33536K, capacity 35276K, committed 35416K, reserved 1081344K
  class space    used 4204K, capacity 4499K, committed 4608K, reserved 1048576K
}
Event: 3.131 GC heap before
{Heap before GC invocations=10 (full 2):
 PSYoungGen      total 135680K, used 8699K [0x00000000d7300000, 0x00000000e0100000, 0x0000000100000000)
  eden space 126976K, 0% used [0x00000000d7300000,0x00000000d7300000,0x00000000def00000)
  from space 8704K, 99% used [0x00000000df880000,0x00000000e00feed0,0x00000000e0100000)
  to   space 9216K, 0% used [0x00000000def00000,0x00000000def00000,0x00000000df800000)
 ParOldGen       total 53760K, used 7878K [0x0000000085800000, 0x0000000088c80000, 0x00000000d7300000)
  object space 53760K, 14% used [0x0000000085800000,0x0000000085fb1b98,0x0000000088c80000)
 Metaspace       used 33536K, capacity 35276K, committed 35416K, reserved 1081344K
  class space    used 4204K, capacity 4499K, committed 4608K, reserved 1048576K
Event: 3.188 GC heap after
Heap after GC invocations=10 (full 2):
 PSYoungGen      total 135680K, used 0K [0x00000000d7300000, 0x00000000e0100000, 0x0000000100000000)
  eden space 126976K, 0% used [0x00000000d7300000,0x00000000d7300000,0x00000000def00000)
  from space 8704K, 0% used [0x00000000df880000,0x00000000df880000,0x00000000e0100000)
  to   space 9216K, 0% used [0x00000000def00000,0x00000000def00000,0x00000000df800000)
 ParOldGen       total 53760K, used 14795K [0x0000000085800000, 0x0000000088c80000, 0x00000000d7300000)
  object space 53760K, 27% used [0x0000000085800000,0x0000000086672d08,0x0000000088c80000)
 Metaspace       used 33536K, capacity 35276K, committed 35416K, reserved 1081344K
  class space    used 4204K, capacity 4499K, committed 4608K, reserved 1048576K
}

